Looking in indexes: https://pypi.org/simple, https://pypi.ngc.nvidia.com
Collecting fastapi==0.104.1 (from -r requirements.txt (line 1))
  Downloading fastapi-0.104.1-py3-none-any.whl.metadata (24 kB)
Collecting uvicorn==0.24.0 (from uvicorn[standard]==0.24.0->-r requirements.txt (line 2))
  Downloading uvicorn-0.24.0-py3-none-any.whl.metadata (6.4 kB)
Collecting gunicorn==21.2.0 (from -r requirements.txt (line 3))
  Downloading gunicorn-21.2.0-py3-none-any.whl.metadata (4.1 kB)
Collecting python-multipart==0.0.6 (from -r requirements.txt (line 4))
  Downloading python_multipart-0.0.6-py3-none-any.whl.metadata (2.5 kB)
Collecting basic-pitch==0.2.5 (from -r requirements.txt (line 5))
  Downloading basic_pitch-0.2.5-py2.py3-none-any.whl.metadata (1.9 kB)
Collecting librosa==0.10.1 (from -r requirements.txt (line 6))
  Downloading librosa-0.10.1-py3-none-any.whl.metadata (8.3 kB)
Collecting soundfile==0.12.1 (from -r requirements.txt (line 7))
  Downloading soundfile-0.12.1-py2.py3-none-win_amd64.whl.metadata (14 kB)
Requirement already satisfied: numpy==1.23.5 in d:\guitar-dev-workspace\guitar-music-helper-backend\.venv\lib\site-packages (from -r requirements.txt (line 8)) (1.23.5)
Collecting pydantic==2.5.0 (from -r requirements.txt (line 9))
  Downloading pydantic-2.5.0-py3-none-any.whl.metadata (174 kB)
Collecting pydantic-settings==2.1.0 (from -r requirements.txt (line 10))
  Downloading pydantic_settings-2.1.0-py3-none-any.whl.metadata (2.9 kB)
Collecting python-dotenv==1.0.0 (from -r requirements.txt (line 11))
  Downloading python_dotenv-1.0.0-py3-none-any.whl.metadata (21 kB)
Collecting aiofiles==23.2.1 (from -r requirements.txt (line 12))
  Downloading aiofiles-23.2.1-py3-none-any.whl.metadata (9.7 kB)
Collecting slowapi==0.1.9 (from -r requirements.txt (line 13))
  Downloading slowapi-0.1.9-py3-none-any.whl.metadata (3.0 kB)
Collecting psutil==5.9.6 (from -r requirements.txt (line 14))
  Downloading psutil-5.9.6-cp37-abi3-win_amd64.whl.metadata (22 kB)
Collecting rq==1.16.2 (from -r requirements.txt (line 16))
  Downloading rq-1.16.2-py3-none-any.whl.metadata (5.7 kB)
Collecting redis==5.0.7 (from -r requirements.txt (line 17))
  Downloading redis-5.0.7-py3-none-any.whl.metadata (9.3 kB)
Collecting ffmpeg-python==0.2.0 (from -r requirements.txt (line 18))
  Downloading ffmpeg_python-0.2.0-py3-none-any.whl.metadata (1.7 kB)
Collecting supabase==2.6.0 (from -r requirements.txt (line 19))
  Downloading supabase-2.6.0-py3-none-any.whl.metadata (9.3 kB)
Collecting madmom==0.16.1 (from -r requirements.txt (line 22))
  Downloading madmom-0.16.1.tar.gz (20.0 MB)
  Preparing metadata (setup.py): started
  Preparing metadata (setup.py): finished with status 'done'
Collecting scipy==1.10.1 (from -r requirements.txt (line 23))
  Downloading scipy-1.10.1-cp310-cp310-win_amd64.whl.metadata (58 kB)
Requirement already satisfied: Cython==0.29.36 in d:\guitar-dev-workspace\guitar-music-helper-backend\.venv\lib\site-packages (from -r requirements.txt (line 24)) (0.29.36)
Collecting mido==1.3.0 (from -r requirements.txt (line 25))
  Downloading mido-1.3.0-py3-none-any.whl.metadata (5.1 kB)
Collecting yt-dlp[default] (from -r requirements.txt (line 15))
  Downloading yt_dlp-2025.8.22-py3-none-any.whl.metadata (175 kB)
Collecting anyio<4.0.0,>=3.7.1 (from fastapi==0.104.1->-r requirements.txt (line 1))
  Downloading anyio-3.7.1-py3-none-any.whl.metadata (4.7 kB)
Collecting starlette<0.28.0,>=0.27.0 (from fastapi==0.104.1->-r requirements.txt (line 1))
  Downloading starlette-0.27.0-py3-none-any.whl.metadata (5.8 kB)
Collecting typing-extensions>=4.8.0 (from fastapi==0.104.1->-r requirements.txt (line 1))
  Downloading typing_extensions-4.15.0-py3-none-any.whl.metadata (3.3 kB)
Collecting annotated-types>=0.4.0 (from pydantic==2.5.0->-r requirements.txt (line 9))
  Downloading annotated_types-0.7.0-py3-none-any.whl.metadata (15 kB)
Collecting pydantic-core==2.14.1 (from pydantic==2.5.0->-r requirements.txt (line 9))
  Downloading pydantic_core-2.14.1-cp310-none-win_amd64.whl.metadata (6.6 kB)
Collecting click>=7.0 (from uvicorn==0.24.0->uvicorn[standard]==0.24.0->-r requirements.txt (line 2))
  Downloading click-8.2.1-py3-none-any.whl.metadata (2.5 kB)
Collecting h11>=0.8 (from uvicorn==0.24.0->uvicorn[standard]==0.24.0->-r requirements.txt (line 2))
  Downloading h11-0.16.0-py3-none-any.whl.metadata (8.3 kB)
Collecting packaging (from gunicorn==21.2.0->-r requirements.txt (line 3))
  Downloading packaging-25.0-py3-none-any.whl.metadata (3.3 kB)
Collecting mir-eval>=0.6 (from basic-pitch==0.2.5->-r requirements.txt (line 5))
  Downloading mir_eval-0.8.2-py3-none-any.whl.metadata (3.0 kB)
Collecting pretty-midi>=0.2.9 (from basic-pitch==0.2.5->-r requirements.txt (line 5))
  Downloading pretty_midi-0.2.10.tar.gz (5.6 MB)
  Preparing metadata (setup.py): started
  Preparing metadata (setup.py): finished with status 'done'
Collecting resampy>=0.2.2 (from basic-pitch==0.2.5->-r requirements.txt (line 5))
  Downloading resampy-0.4.3-py3-none-any.whl.metadata (3.0 kB)
Collecting tensorflow<2.12,>=2.4.1 (from basic-pitch==0.2.5->-r requirements.txt (line 5))
  Downloading tensorflow-2.11.1-cp310-cp310-win_amd64.whl.metadata (2.5 kB)
Collecting audioread>=2.1.9 (from librosa==0.10.1->-r requirements.txt (line 6))
  Downloading audioread-3.0.1-py3-none-any.whl.metadata (8.4 kB)
Collecting scikit-learn>=0.20.0 (from librosa==0.10.1->-r requirements.txt (line 6))
  Downloading scikit_learn-1.7.1-cp310-cp310-win_amd64.whl.metadata (11 kB)
Collecting joblib>=0.14 (from librosa==0.10.1->-r requirements.txt (line 6))
  Downloading joblib-1.5.1-py3-none-any.whl.metadata (5.6 kB)
Collecting decorator>=4.3.0 (from librosa==0.10.1->-r requirements.txt (line 6))
  Downloading decorator-5.2.1-py3-none-any.whl.metadata (3.9 kB)
Collecting numba>=0.51.0 (from librosa==0.10.1->-r requirements.txt (line 6))
  Downloading numba-0.61.2-cp310-cp310-win_amd64.whl.metadata (2.9 kB)
Collecting pooch>=1.0 (from librosa==0.10.1->-r requirements.txt (line 6))
  Downloading pooch-1.8.2-py3-none-any.whl.metadata (10 kB)
Collecting soxr>=0.3.2 (from librosa==0.10.1->-r requirements.txt (line 6))
  Downloading soxr-0.5.0.post1-cp310-cp310-win_amd64.whl.metadata (5.6 kB)
Collecting lazy-loader>=0.1 (from librosa==0.10.1->-r requirements.txt (line 6))
  Downloading lazy_loader-0.4-py3-none-any.whl.metadata (7.6 kB)
Collecting msgpack>=1.0 (from librosa==0.10.1->-r requirements.txt (line 6))
  Downloading msgpack-1.1.1-cp310-cp310-win_amd64.whl.metadata (8.6 kB)
Collecting cffi>=1.0 (from soundfile==0.12.1->-r requirements.txt (line 7))
  Downloading cffi-1.17.1-cp310-cp310-win_amd64.whl.metadata (1.6 kB)
Collecting limits>=2.3 (from slowapi==0.1.9->-r requirements.txt (line 13))
  Downloading limits-5.5.0-py3-none-any.whl.metadata (10 kB)
Collecting async-timeout>=4.0.3 (from redis==5.0.7->-r requirements.txt (line 17))
  Downloading async_timeout-5.0.1-py3-none-any.whl.metadata (5.1 kB)
Collecting future (from ffmpeg-python==0.2.0->-r requirements.txt (line 18))
  Downloading future-1.0.0-py3-none-any.whl.metadata (4.0 kB)
Collecting gotrue<3.0,>=1.3 (from supabase==2.6.0->-r requirements.txt (line 19))
  Downloading gotrue-2.12.4-py3-none-any.whl.metadata (2.0 kB)
Collecting httpx<0.28,>=0.24 (from supabase==2.6.0->-r requirements.txt (line 19))
  Downloading httpx-0.27.2-py3-none-any.whl.metadata (7.1 kB)
Collecting postgrest<0.17.0,>=0.14 (from supabase==2.6.0->-r requirements.txt (line 19))
  Downloading postgrest-0.16.11-py3-none-any.whl.metadata (5.1 kB)
Collecting realtime<2.0.0,>=1.0.0 (from supabase==2.6.0->-r requirements.txt (line 19))
  Downloading realtime-1.0.6-py3-none-any.whl.metadata (2.6 kB)
Collecting storage3<0.8.0,>=0.5.3 (from supabase==2.6.0->-r requirements.txt (line 19))
  Downloading storage3-0.7.7-py3-none-any.whl.metadata (1.9 kB)
Collecting supafunc<0.6.0,>=0.3.1 (from supabase==2.6.0->-r requirements.txt (line 19))
  Downloading supafunc-0.5.1-py3-none-any.whl.metadata (1.2 kB)
Collecting packaging (from gunicorn==21.2.0->-r requirements.txt (line 3))
  Downloading packaging-23.2-py3-none-any.whl.metadata (3.2 kB)
Collecting colorama>=0.4 (from uvicorn[standard]==0.24.0->-r requirements.txt (line 2))
  Downloading colorama-0.4.6-py2.py3-none-any.whl.metadata (17 kB)
Collecting httptools>=0.5.0 (from uvicorn[standard]==0.24.0->-r requirements.txt (line 2))
  Downloading httptools-0.6.4-cp310-cp310-win_amd64.whl.metadata (3.7 kB)
Collecting pyyaml>=5.1 (from uvicorn[standard]==0.24.0->-r requirements.txt (line 2))
  Downloading PyYAML-6.0.2-cp310-cp310-win_amd64.whl.metadata (2.1 kB)
Collecting watchfiles>=0.13 (from uvicorn[standard]==0.24.0->-r requirements.txt (line 2))
  Downloading watchfiles-1.1.0-cp310-cp310-win_amd64.whl.metadata (5.0 kB)
Collecting websockets>=10.4 (from uvicorn[standard]==0.24.0->-r requirements.txt (line 2))
  Downloading websockets-15.0.1-cp310-cp310-win_amd64.whl.metadata (7.0 kB)
Collecting idna>=2.8 (from anyio<4.0.0,>=3.7.1->fastapi==0.104.1->-r requirements.txt (line 1))
  Downloading idna-3.10-py3-none-any.whl.metadata (10 kB)
Collecting sniffio>=1.1 (from anyio<4.0.0,>=3.7.1->fastapi==0.104.1->-r requirements.txt (line 1))
  Downloading sniffio-1.3.1-py3-none-any.whl.metadata (3.9 kB)
Collecting exceptiongroup (from anyio<4.0.0,>=3.7.1->fastapi==0.104.1->-r requirements.txt (line 1))
  Downloading exceptiongroup-1.3.0-py3-none-any.whl.metadata (6.7 kB)
Collecting pyjwt<3.0.0,>=2.10.1 (from gotrue<3.0,>=1.3->supabase==2.6.0->-r requirements.txt (line 19))
  Downloading PyJWT-2.10.1-py3-none-any.whl.metadata (4.0 kB)
Collecting certifi (from httpx<0.28,>=0.24->supabase==2.6.0->-r requirements.txt (line 19))
  Downloading certifi-2025.8.3-py3-none-any.whl.metadata (2.4 kB)
Collecting httpcore==1.* (from httpx<0.28,>=0.24->supabase==2.6.0->-r requirements.txt (line 19))
  Downloading httpcore-1.0.9-py3-none-any.whl.metadata (21 kB)
Collecting h2<5,>=3 (from httpx[http2]<0.29,>=0.26->gotrue<3.0,>=1.3->supabase==2.6.0->-r requirements.txt (line 19))
  Downloading h2-4.3.0-py3-none-any.whl.metadata (5.1 kB)
Collecting hyperframe<7,>=6.1 (from h2<5,>=3->httpx[http2]<0.29,>=0.26->gotrue<3.0,>=1.3->supabase==2.6.0->-r requirements.txt (line 19))
  Downloading hyperframe-6.1.0-py3-none-any.whl.metadata (4.3 kB)
Collecting hpack<5,>=4.1 (from h2<5,>=3->httpx[http2]<0.29,>=0.26->gotrue<3.0,>=1.3->supabase==2.6.0->-r requirements.txt (line 19))
  Downloading hpack-4.1.0-py3-none-any.whl.metadata (4.6 kB)
Collecting deprecation<3.0.0,>=2.1.0 (from postgrest<0.17.0,>=0.14->supabase==2.6.0->-r requirements.txt (line 19))
  Downloading deprecation-2.1.0-py2.py3-none-any.whl.metadata (4.6 kB)
Collecting strenum<0.5.0,>=0.4.9 (from postgrest<0.17.0,>=0.14->supabase==2.6.0->-r requirements.txt (line 19))
  Downloading StrEnum-0.4.15-py3-none-any.whl.metadata (5.3 kB)
Collecting python-dateutil<3.0.0,>=2.8.1 (from realtime<2.0.0,>=1.0.0->supabase==2.6.0->-r requirements.txt (line 19))
  Downloading python_dateutil-2.9.0.post0-py2.py3-none-any.whl.metadata (8.4 kB)
Collecting websockets>=10.4 (from uvicorn[standard]==0.24.0->-r requirements.txt (line 2))
  Downloading websockets-12.0-cp310-cp310-win_amd64.whl.metadata (6.8 kB)
Collecting six>=1.5 (from python-dateutil<3.0.0,>=2.8.1->realtime<2.0.0,>=1.0.0->supabase==2.6.0->-r requirements.txt (line 19))
  Downloading six-1.17.0-py2.py3-none-any.whl.metadata (1.7 kB)
Collecting tensorflow-intel==2.11.1 (from tensorflow<2.12,>=2.4.1->basic-pitch==0.2.5->-r requirements.txt (line 5))
  Downloading tensorflow_intel-2.11.1-cp310-cp310-win_amd64.whl.metadata (3.9 kB)
Collecting absl-py>=1.0.0 (from tensorflow-intel==2.11.1->tensorflow<2.12,>=2.4.1->basic-pitch==0.2.5->-r requirements.txt (line 5))
  Downloading absl_py-2.3.1-py3-none-any.whl.metadata (3.3 kB)
Collecting astunparse>=1.6.0 (from tensorflow-intel==2.11.1->tensorflow<2.12,>=2.4.1->basic-pitch==0.2.5->-r requirements.txt (line 5))
  Downloading astunparse-1.6.3-py2.py3-none-any.whl.metadata (4.4 kB)
Collecting flatbuffers>=2.0 (from tensorflow-intel==2.11.1->tensorflow<2.12,>=2.4.1->basic-pitch==0.2.5->-r requirements.txt (line 5))
  Downloading flatbuffers-25.2.10-py2.py3-none-any.whl.metadata (875 bytes)
Collecting gast<=0.4.0,>=0.2.1 (from tensorflow-intel==2.11.1->tensorflow<2.12,>=2.4.1->basic-pitch==0.2.5->-r requirements.txt (line 5))
  Downloading gast-0.4.0-py3-none-any.whl.metadata (1.1 kB)
Collecting google-pasta>=0.1.1 (from tensorflow-intel==2.11.1->tensorflow<2.12,>=2.4.1->basic-pitch==0.2.5->-r requirements.txt (line 5))
  Downloading google_pasta-0.2.0-py3-none-any.whl.metadata (814 bytes)
Collecting h5py>=2.9.0 (from tensorflow-intel==2.11.1->tensorflow<2.12,>=2.4.1->basic-pitch==0.2.5->-r requirements.txt (line 5))
  Downloading h5py-3.14.0-cp310-cp310-win_amd64.whl.metadata (2.7 kB)
Collecting libclang>=13.0.0 (from tensorflow-intel==2.11.1->tensorflow<2.12,>=2.4.1->basic-pitch==0.2.5->-r requirements.txt (line 5))
  Downloading libclang-18.1.1-py2.py3-none-win_amd64.whl.metadata (5.3 kB)
Collecting opt-einsum>=2.3.2 (from tensorflow-intel==2.11.1->tensorflow<2.12,>=2.4.1->basic-pitch==0.2.5->-r requirements.txt (line 5))
  Downloading opt_einsum-3.4.0-py3-none-any.whl.metadata (6.3 kB)
Collecting protobuf<3.20,>=3.9.2 (from tensorflow-intel==2.11.1->tensorflow<2.12,>=2.4.1->basic-pitch==0.2.5->-r requirements.txt (line 5))
  Downloading protobuf-3.19.6-cp310-cp310-win_amd64.whl.metadata (806 bytes)
Requirement already satisfied: setuptools in d:\guitar-dev-workspace\guitar-music-helper-backend\.venv\lib\site-packages (from tensorflow-intel==2.11.1->tensorflow<2.12,>=2.4.1->basic-pitch==0.2.5->-r requirements.txt (line 5)) (80.9.0)
Collecting termcolor>=1.1.0 (from tensorflow-intel==2.11.1->tensorflow<2.12,>=2.4.1->basic-pitch==0.2.5->-r requirements.txt (line 5))
  Downloading termcolor-3.1.0-py3-none-any.whl.metadata (6.4 kB)
Collecting wrapt>=1.11.0 (from tensorflow-intel==2.11.1->tensorflow<2.12,>=2.4.1->basic-pitch==0.2.5->-r requirements.txt (line 5))
  Downloading wrapt-1.17.3-cp310-cp310-win_amd64.whl.metadata (6.5 kB)
Collecting grpcio<2.0,>=1.24.3 (from tensorflow-intel==2.11.1->tensorflow<2.12,>=2.4.1->basic-pitch==0.2.5->-r requirements.txt (line 5))
  Downloading grpcio-1.74.0-cp310-cp310-win_amd64.whl.metadata (4.0 kB)
WARNING: Retrying (Retry(total=4, connect=None, read=None, redirect=None, status=None)) after connection broken by 'ProtocolError('Connection aborted.', RemoteDisconnected('Remote end closed connection without response'))': /compute/redist/tensorboard/
WARNING: Retrying (Retry(total=3, connect=None, read=None, redirect=None, status=None)) after connection broken by 'ProtocolError('Connection aborted.', RemoteDisconnected('Remote end closed connection without response'))': /compute/redist/tensorboard/
WARNING: Retrying (Retry(total=2, connect=None, read=None, redirect=None, status=None)) after connection broken by 'ProtocolError('Connection aborted.', RemoteDisconnected('Remote end closed connection without response'))': /compute/redist/tensorboard/
WARNING: Retrying (Retry(total=1, connect=None, read=None, redirect=None, status=None)) after connection broken by 'ProtocolError('Connection aborted.', RemoteDisconnected('Remote end closed connection without response'))': /compute/redist/tensorboard/
WARNING: Retrying (Retry(total=0, connect=None, read=None, redirect=None, status=None)) after connection broken by 'ProtocolError('Connection aborted.', RemoteDisconnected('Remote end closed connection without response'))': /compute/redist/tensorboard/
Collecting tensorboard<2.12,>=2.11 (from tensorflow-intel==2.11.1->tensorflow<2.12,>=2.4.1->basic-pitch==0.2.5->-r requirements.txt (line 5))
  Downloading tensorboard-2.11.2-py3-none-any.whl.metadata (1.9 kB)
Collecting tensorflow-estimator<2.12,>=2.11.0 (from tensorflow-intel==2.11.1->tensorflow<2.12,>=2.4.1->basic-pitch==0.2.5->-r requirements.txt (line 5))
  Downloading tensorflow_estimator-2.11.0-py2.py3-none-any.whl.metadata (1.3 kB)
Collecting keras<2.12,>=2.11.0 (from tensorflow-intel==2.11.1->tensorflow<2.12,>=2.4.1->basic-pitch==0.2.5->-r requirements.txt (line 5))
  Downloading keras-2.11.0-py2.py3-none-any.whl.metadata (1.4 kB)
Collecting tensorflow-io-gcs-filesystem>=0.23.1 (from tensorflow-intel==2.11.1->tensorflow<2.12,>=2.4.1->basic-pitch==0.2.5->-r requirements.txt (line 5))
  Downloading tensorflow_io_gcs_filesystem-0.31.0-cp310-cp310-win_amd64.whl.metadata (14 kB)
Collecting google-auth<3,>=1.6.3 (from tensorboard<2.12,>=2.11->tensorflow-intel==2.11.1->tensorflow<2.12,>=2.4.1->basic-pitch==0.2.5->-r requirements.txt (line 5))
  Downloading google_auth-2.40.3-py2.py3-none-any.whl.metadata (6.2 kB)
Collecting google-auth-oauthlib<0.5,>=0.4.1 (from tensorboard<2.12,>=2.11->tensorflow-intel==2.11.1->tensorflow<2.12,>=2.4.1->basic-pitch==0.2.5->-r requirements.txt (line 5))
  Downloading google_auth_oauthlib-0.4.6-py2.py3-none-any.whl.metadata (2.7 kB)
Collecting markdown>=2.6.8 (from tensorboard<2.12,>=2.11->tensorflow-intel==2.11.1->tensorflow<2.12,>=2.4.1->basic-pitch==0.2.5->-r requirements.txt (line 5))
  Downloading markdown-3.8.2-py3-none-any.whl.metadata (5.1 kB)
Collecting requests<3,>=2.21.0 (from tensorboard<2.12,>=2.11->tensorflow-intel==2.11.1->tensorflow<2.12,>=2.4.1->basic-pitch==0.2.5->-r requirements.txt (line 5))
  Downloading requests-2.32.5-py3-none-any.whl.metadata (4.9 kB)
Collecting tensorboard-data-server<0.7.0,>=0.6.0 (from tensorboard<2.12,>=2.11->tensorflow-intel==2.11.1->tensorflow<2.12,>=2.4.1->basic-pitch==0.2.5->-r requirements.txt (line 5))
  Downloading tensorboard_data_server-0.6.1-py3-none-any.whl.metadata (1.1 kB)
Collecting tensorboard-plugin-wit>=1.6.0 (from tensorboard<2.12,>=2.11->tensorflow-intel==2.11.1->tensorflow<2.12,>=2.4.1->basic-pitch==0.2.5->-r requirements.txt (line 5))
  Downloading tensorboard_plugin_wit-1.8.1-py3-none-any.whl.metadata (873 bytes)
Collecting werkzeug>=1.0.1 (from tensorboard<2.12,>=2.11->tensorflow-intel==2.11.1->tensorflow<2.12,>=2.4.1->basic-pitch==0.2.5->-r requirements.txt (line 5))
  Downloading werkzeug-3.1.3-py3-none-any.whl.metadata (3.7 kB)
Requirement already satisfied: wheel>=0.26 in d:\guitar-dev-workspace\guitar-music-helper-backend\.venv\lib\site-packages (from tensorboard<2.12,>=2.11->tensorflow-intel==2.11.1->tensorflow<2.12,>=2.4.1->basic-pitch==0.2.5->-r requirements.txt (line 5)) (0.45.1)
Collecting cachetools<6.0,>=2.0.0 (from google-auth<3,>=1.6.3->tensorboard<2.12,>=2.11->tensorflow-intel==2.11.1->tensorflow<2.12,>=2.4.1->basic-pitch==0.2.5->-r requirements.txt (line 5))
  Downloading cachetools-5.5.2-py3-none-any.whl.metadata (5.4 kB)
Collecting pyasn1-modules>=0.2.1 (from google-auth<3,>=1.6.3->tensorboard<2.12,>=2.11->tensorflow-intel==2.11.1->tensorflow<2.12,>=2.4.1->basic-pitch==0.2.5->-r requirements.txt (line 5))
  Downloading pyasn1_modules-0.4.2-py3-none-any.whl.metadata (3.5 kB)
Collecting rsa<5,>=3.1.4 (from google-auth<3,>=1.6.3->tensorboard<2.12,>=2.11->tensorflow-intel==2.11.1->tensorflow<2.12,>=2.4.1->basic-pitch==0.2.5->-r requirements.txt (line 5))
  Downloading rsa-4.9.1-py3-none-any.whl.metadata (5.6 kB)
Collecting requests-oauthlib>=0.7.0 (from google-auth-oauthlib<0.5,>=0.4.1->tensorboard<2.12,>=2.11->tensorflow-intel==2.11.1->tensorflow<2.12,>=2.4.1->basic-pitch==0.2.5->-r requirements.txt (line 5))
  Downloading requests_oauthlib-2.0.0-py2.py3-none-any.whl.metadata (11 kB)
Collecting charset_normalizer<4,>=2 (from requests<3,>=2.21.0->tensorboard<2.12,>=2.11->tensorflow-intel==2.11.1->tensorflow<2.12,>=2.4.1->basic-pitch==0.2.5->-r requirements.txt (line 5))
  Downloading charset_normalizer-3.4.3-cp310-cp310-win_amd64.whl.metadata (37 kB)
Collecting urllib3<3,>=1.21.1 (from requests<3,>=2.21.0->tensorboard<2.12,>=2.11->tensorflow-intel==2.11.1->tensorflow<2.12,>=2.4.1->basic-pitch==0.2.5->-r requirements.txt (line 5))
  Downloading urllib3-2.5.0-py3-none-any.whl.metadata (6.5 kB)
Collecting pyasn1>=0.1.3 (from rsa<5,>=3.1.4->google-auth<3,>=1.6.3->tensorboard<2.12,>=2.11->tensorflow-intel==2.11.1->tensorflow<2.12,>=2.4.1->basic-pitch==0.2.5->-r requirements.txt (line 5))
  Downloading pyasn1-0.6.1-py3-none-any.whl.metadata (8.4 kB)
Collecting brotli (from yt-dlp[default]->-r requirements.txt (line 15))
  Downloading Brotli-1.1.0-cp310-cp310-win_amd64.whl.metadata (5.6 kB)
Collecting mutagen (from yt-dlp[default]->-r requirements.txt (line 15))
  Downloading mutagen-1.47.0-py3-none-any.whl.metadata (1.7 kB)
Collecting pycryptodomex (from yt-dlp[default]->-r requirements.txt (line 15))
  Downloading pycryptodomex-3.23.0-cp37-abi3-win_amd64.whl.metadata (3.5 kB)
INFO: pip is looking at multiple versions of yt-dlp[default] to determine which version is compatible with other requirements. This could take a while.
Collecting yt-dlp[default] (from -r requirements.txt (line 15))
  Downloading yt_dlp-2025.8.20-py3-none-any.whl.metadata (175 kB)
  Downloading yt_dlp-2025.8.11-py3-none-any.whl.metadata (175 kB)
  Downloading yt_dlp-2025.7.21-py3-none-any.whl.metadata (175 kB)
  Downloading yt_dlp-2025.6.30-py3-none-any.whl.metadata (174 kB)
  Downloading yt_dlp-2025.6.25-py3-none-any.whl.metadata (174 kB)
  Downloading yt_dlp-2025.6.9-py3-none-any.whl.metadata (174 kB)
  Downloading yt_dlp-2025.5.22-py3-none-any.whl.metadata (174 kB)
INFO: pip is still looking at multiple versions of yt-dlp[default] to determine which version is compatible with other requirements. This could take a while.
  Downloading yt_dlp-2025.4.30-py3-none-any.whl.metadata (173 kB)
  Downloading yt_dlp-2025.3.31-py3-none-any.whl.metadata (172 kB)
  Downloading yt_dlp-2025.3.27-py3-none-any.whl.metadata (172 kB)
  Downloading yt_dlp-2025.3.26-py3-none-any.whl.metadata (172 kB)
  Downloading yt_dlp-2025.3.25-py3-none-any.whl.metadata (172 kB)
INFO: This is taking longer than usual. You might need to provide the dependency resolver with stricter constraints to reduce runtime. See https://pip.pypa.io/warnings/backtracking for guidance. If you want to abort this run, press Ctrl + C.
  Downloading yt_dlp-2025.3.21-py3-none-any.whl.metadata (172 kB)
  Downloading yt_dlp-2025.2.19-py3-none-any.whl.metadata (171 kB)
  Downloading yt_dlp-2025.1.26-py3-none-any.whl.metadata (172 kB)
  Downloading yt_dlp-2025.1.15-py3-none-any.whl.metadata (172 kB)
  Downloading yt_dlp-2025.1.12-py3-none-any.whl.metadata (172 kB)
  Downloading yt_dlp-2024.12.23-py3-none-any.whl.metadata (172 kB)
  Downloading yt_dlp-2024.12.13-py3-none-any.whl.metadata (172 kB)
  Downloading yt_dlp-2024.12.6-py3-none-any.whl.metadata (172 kB)
  Downloading yt_dlp-2024.12.3-py3-none-any.whl.metadata (172 kB)
  Downloading yt_dlp-2024.11.18-py3-none-any.whl.metadata (172 kB)
  Downloading yt_dlp-2024.11.4-py3-none-any.whl.metadata (172 kB)
  Downloading yt_dlp-2024.10.22-py3-none-any.whl.metadata (171 kB)
  Downloading yt_dlp-2024.10.7-py3-none-any.whl.metadata (171 kB)
  Downloading yt_dlp-2024.9.27-py3-none-any.whl.metadata (171 kB)
  Downloading yt_dlp-2024.8.6-py3-none-any.whl.metadata (170 kB)
Collecting pycparser (from cffi>=1.0->soundfile==0.12.1->-r requirements.txt (line 7))
  Downloading pycparser-2.22-py3-none-any.whl.metadata (943 bytes)
Collecting deprecated>=1.2 (from limits>=2.3->slowapi==0.1.9->-r requirements.txt (line 13))
  Downloading Deprecated-1.2.18-py2.py3-none-any.whl.metadata (5.7 kB)
Collecting llvmlite<0.45,>=0.44.0dev0 (from numba>=0.51.0->librosa==0.10.1->-r requirements.txt (line 6))
  Downloading llvmlite-0.44.0-cp310-cp310-win_amd64.whl.metadata (5.0 kB)
INFO: pip is looking at multiple versions of numba to determine which version is compatible with other requirements. This could take a while.
Collecting numba>=0.51.0 (from librosa==0.10.1->-r requirements.txt (line 6))
  Downloading numba-0.61.0-cp310-cp310-win_amd64.whl.metadata (2.8 kB)
  Downloading numba-0.60.0-cp310-cp310-win_amd64.whl.metadata (2.8 kB)
Collecting llvmlite<0.44,>=0.43.0dev0 (from numba>=0.51.0->librosa==0.10.1->-r requirements.txt (line 6))
  Downloading llvmlite-0.43.0-cp310-cp310-win_amd64.whl.metadata (4.9 kB)
Collecting platformdirs>=2.5.0 (from pooch>=1.0->librosa==0.10.1->-r requirements.txt (line 6))
  Downloading platformdirs-4.3.8-py3-none-any.whl.metadata (12 kB)
Collecting oauthlib>=3.0.0 (from requests-oauthlib>=0.7.0->google-auth-oauthlib<0.5,>=0.4.1->tensorboard<2.12,>=2.11->tensorflow-intel==2.11.1->tensorflow<2.12,>=2.4.1->basic-pitch==0.2.5->-r requirements.txt (line 5))
  Downloading oauthlib-3.3.1-py3-none-any.whl.metadata (7.9 kB)
Collecting threadpoolctl>=3.1.0 (from scikit-learn>=0.20.0->librosa==0.10.1->-r requirements.txt (line 6))
  Downloading threadpoolctl-3.6.0-py3-none-any.whl.metadata (13 kB)
Collecting MarkupSafe>=2.1.1 (from werkzeug>=1.0.1->tensorboard<2.12,>=2.11->tensorflow-intel==2.11.1->tensorflow<2.12,>=2.4.1->basic-pitch==0.2.5->-r requirements.txt (line 5))
  Downloading MarkupSafe-3.0.2-cp310-cp310-win_amd64.whl.metadata (4.1 kB)
Downloading fastapi-0.104.1-py3-none-any.whl (92 kB)
Downloading pydantic-2.5.0-py3-none-any.whl (407 kB)
Downloading uvicorn-0.24.0-py3-none-any.whl (59 kB)
Downloading gunicorn-21.2.0-py3-none-any.whl (80 kB)
Downloading python_multipart-0.0.6-py3-none-any.whl (45 kB)
Downloading basic_pitch-0.2.5-py2.py3-none-any.whl (373 kB)
Downloading librosa-0.10.1-py3-none-any.whl (253 kB)
Downloading soundfile-0.12.1-py2.py3-none-win_amd64.whl (1.0 MB)
Downloading pydantic_settings-2.1.0-py3-none-any.whl (11 kB)
Downloading python_dotenv-1.0.0-py3-none-any.whl (19 kB)
Downloading aiofiles-23.2.1-py3-none-any.whl (15 kB)
Downloading slowapi-0.1.9-py3-none-any.whl (14 kB)
Downloading psutil-5.9.6-cp37-abi3-win_amd64.whl (252 kB)
Downloading rq-1.16.2-py3-none-any.whl (90 kB)
Downloading redis-5.0.7-py3-none-any.whl (252 kB)
Downloading ffmpeg_python-0.2.0-py3-none-any.whl (25 kB)
Downloading supabase-2.6.0-py3-none-any.whl (16 kB)
Downloading scipy-1.10.1-cp310-cp310-win_amd64.whl (42.5 MB)
Downloading mido-1.3.0-py3-none-any.whl (50 kB)
Downloading pydantic_core-2.14.1-cp310-none-win_amd64.whl (1.9 MB)
Downloading anyio-3.7.1-py3-none-any.whl (80 kB)
Downloading gotrue-2.12.4-py3-none-any.whl (42 kB)
Downloading httpx-0.27.2-py3-none-any.whl (76 kB)
Downloading httpcore-1.0.9-py3-none-any.whl (78 kB)
Downloading h2-4.3.0-py3-none-any.whl (61 kB)
Downloading hpack-4.1.0-py3-none-any.whl (34 kB)
Downloading hyperframe-6.1.0-py3-none-any.whl (13 kB)
Downloading packaging-23.2-py3-none-any.whl (53 kB)
Downloading postgrest-0.16.11-py3-none-any.whl (21 kB)
Downloading deprecation-2.1.0-py2.py3-none-any.whl (11 kB)
Downloading PyJWT-2.10.1-py3-none-any.whl (22 kB)
Downloading realtime-1.0.6-py3-none-any.whl (9.0 kB)
Downloading python_dateutil-2.9.0.post0-py2.py3-none-any.whl (229 kB)
Downloading starlette-0.27.0-py3-none-any.whl (66 kB)
Downloading storage3-0.7.7-py3-none-any.whl (16 kB)
Downloading StrEnum-0.4.15-py3-none-any.whl (8.9 kB)
Downloading supafunc-0.5.1-py3-none-any.whl (6.4 kB)
Downloading tensorflow-2.11.1-cp310-cp310-win_amd64.whl (1.9 kB)
Downloading tensorflow_intel-2.11.1-cp310-cp310-win_amd64.whl (266.3 MB)
Downloading gast-0.4.0-py3-none-any.whl (9.8 kB)
Downloading grpcio-1.74.0-cp310-cp310-win_amd64.whl (4.5 MB)
Downloading keras-2.11.0-py2.py3-none-any.whl (1.7 MB)
Downloading protobuf-3.19.6-cp310-cp310-win_amd64.whl (895 kB)
Downloading tensorboard-2.11.2-py3-none-any.whl (6.0 MB)
Downloading google_auth-2.40.3-py2.py3-none-any.whl (216 kB)
Downloading cachetools-5.5.2-py3-none-any.whl (10 kB)
Downloading google_auth_oauthlib-0.4.6-py2.py3-none-any.whl (18 kB)
Downloading requests-2.32.5-py3-none-any.whl (64 kB)
Downloading charset_normalizer-3.4.3-cp310-cp310-win_amd64.whl (107 kB)
Downloading idna-3.10-py3-none-any.whl (70 kB)
Downloading rsa-4.9.1-py3-none-any.whl (34 kB)
Downloading tensorboard_data_server-0.6.1-py3-none-any.whl (2.4 kB)
Downloading tensorflow_estimator-2.11.0-py2.py3-none-any.whl (439 kB)
Downloading typing_extensions-4.15.0-py3-none-any.whl (44 kB)
Downloading urllib3-2.5.0-py3-none-any.whl (129 kB)
Downloading websockets-12.0-cp310-cp310-win_amd64.whl (124 kB)
Downloading yt_dlp-2024.8.6-py3-none-any.whl (3.1 MB)
Downloading absl_py-2.3.1-py3-none-any.whl (135 kB)
Downloading annotated_types-0.7.0-py3-none-any.whl (13 kB)
Downloading astunparse-1.6.3-py2.py3-none-any.whl (12 kB)
Downloading six-1.17.0-py2.py3-none-any.whl (11 kB)
Downloading async_timeout-5.0.1-py3-none-any.whl (6.2 kB)
Downloading audioread-3.0.1-py3-none-any.whl (23 kB)
Downloading certifi-2025.8.3-py3-none-any.whl (161 kB)
Downloading cffi-1.17.1-cp310-cp310-win_amd64.whl (181 kB)
Downloading click-8.2.1-py3-none-any.whl (102 kB)
Downloading colorama-0.4.6-py2.py3-none-any.whl (25 kB)
Downloading decorator-5.2.1-py3-none-any.whl (9.2 kB)
Downloading flatbuffers-25.2.10-py2.py3-none-any.whl (30 kB)
Downloading google_pasta-0.2.0-py3-none-any.whl (57 kB)
Downloading h11-0.16.0-py3-none-any.whl (37 kB)
Downloading h5py-3.14.0-cp310-cp310-win_amd64.whl (2.9 MB)
Downloading httptools-0.6.4-cp310-cp310-win_amd64.whl (88 kB)
Downloading joblib-1.5.1-py3-none-any.whl (307 kB)
Downloading lazy_loader-0.4-py3-none-any.whl (12 kB)
Downloading libclang-18.1.1-py2.py3-none-win_amd64.whl (26.4 MB)
Downloading limits-5.5.0-py3-none-any.whl (60 kB)
Downloading Deprecated-1.2.18-py2.py3-none-any.whl (10.0 kB)
Downloading wrapt-1.17.3-cp310-cp310-win_amd64.whl (38 kB)
Downloading markdown-3.8.2-py3-none-any.whl (106 kB)
Downloading mir_eval-0.8.2-py3-none-any.whl (102 kB)
Downloading msgpack-1.1.1-cp310-cp310-win_amd64.whl (71 kB)
Downloading numba-0.60.0-cp310-cp310-win_amd64.whl (2.7 MB)
Downloading llvmlite-0.43.0-cp310-cp310-win_amd64.whl (28.1 MB)
Downloading opt_einsum-3.4.0-py3-none-any.whl (71 kB)
Downloading pooch-1.8.2-py3-none-any.whl (64 kB)
Downloading platformdirs-4.3.8-py3-none-any.whl (18 kB)
Downloading pyasn1-0.6.1-py3-none-any.whl (83 kB)
Downloading pyasn1_modules-0.4.2-py3-none-any.whl (181 kB)
Downloading PyYAML-6.0.2-cp310-cp310-win_amd64.whl (161 kB)
Downloading requests_oauthlib-2.0.0-py2.py3-none-any.whl (24 kB)
Downloading oauthlib-3.3.1-py3-none-any.whl (160 kB)
Downloading resampy-0.4.3-py3-none-any.whl (3.1 MB)
Downloading scikit_learn-1.7.1-cp310-cp310-win_amd64.whl (8.9 MB)
Downloading sniffio-1.3.1-py3-none-any.whl (10 kB)
Downloading soxr-0.5.0.post1-cp310-cp310-win_amd64.whl (166 kB)
Downloading tensorboard_plugin_wit-1.8.1-py3-none-any.whl (781 kB)
Downloading tensorflow_io_gcs_filesystem-0.31.0-cp310-cp310-win_amd64.whl (1.5 MB)
Downloading termcolor-3.1.0-py3-none-any.whl (7.7 kB)
Downloading threadpoolctl-3.6.0-py3-none-any.whl (18 kB)
Downloading watchfiles-1.1.0-cp310-cp310-win_amd64.whl (292 kB)
Downloading werkzeug-3.1.3-py3-none-any.whl (224 kB)
Downloading MarkupSafe-3.0.2-cp310-cp310-win_amd64.whl (15 kB)
Downloading Brotli-1.1.0-cp310-cp310-win_amd64.whl (357 kB)
Downloading exceptiongroup-1.3.0-py3-none-any.whl (16 kB)
Downloading future-1.0.0-py3-none-any.whl (491 kB)
Downloading mutagen-1.47.0-py3-none-any.whl (194 kB)
Downloading pycparser-2.22-py3-none-any.whl (117 kB)
Downloading pycryptodomex-3.23.0-cp37-abi3-win_amd64.whl (1.8 MB)
Building wheels for collected packages: madmom, pretty-midi
  DEPRECATION: Building 'madmom' using the legacy setup.py bdist_wheel mechanism, which will be removed in a future version. pip 25.3 will enforce this behaviour change. A possible replacement is to use the standardized build interface by setting the `--use-pep517` option, (possibly combined with `--no-build-isolation`), or adding a `pyproject.toml` file to the source tree of 'madmom'. Discussion can be found at https://github.com/pypa/pip/issues/6334
  Building wheel for madmom (setup.py): started
  Building wheel for madmom (setup.py): finished with status 'done'
  Created wheel for madmom: filename=madmom-0.16.1-cp310-cp310-win_amd64.whl size=19987008 sha256=a181a10d4b9fd64adf3dde7e9671d832099924e3bd666f0877a8ad65826d5403
  Stored in directory: C:\Users\berzo\AppData\Local\Temp\pip-ephem-wheel-cache-b0_djieq\wheels\87\18\20\105f9248e5f504f5ab190338516558cacaf6d5d7fadd5e7947
  DEPRECATION: Building 'pretty-midi' using the legacy setup.py bdist_wheel mechanism, which will be removed in a future version. pip 25.3 will enforce this behaviour change. A possible replacement is to use the standardized build interface by setting the `--use-pep517` option, (possibly combined with `--no-build-isolation`), or adding a `pyproject.toml` file to the source tree of 'pretty-midi'. Discussion can be found at https://github.com/pypa/pip/issues/6334
  Building wheel for pretty-midi (setup.py): started
  Building wheel for pretty-midi (setup.py): finished with status 'done'
  Created wheel for pretty-midi: filename=pretty_midi-0.2.10-py3-none-any.whl size=5592356 sha256=ccd1ebe1de36188bf99ba89ef20744f30a62968a204a14dc6ba7a56d536bf70a
  Stored in directory: C:\Users\berzo\AppData\Local\Temp\pip-ephem-wheel-cache-b0_djieq\wheels\cd\a5\30\7b8b7f58709f5150f67f98fde4b891ebf0be9ef07a8af49f25
Successfully built madmom pretty-midi
Installing collected packages: tensorboard-plugin-wit, strenum, libclang, flatbuffers, brotli, wrapt, websockets, urllib3, typing-extensions, threadpoolctl, termcolor, tensorflow-io-gcs-filesystem, tensorflow-estimator, tensorboard-data-server, soxr, sniffio, six, scipy, pyyaml, python-multipart, python-dotenv, pyjwt, pycryptodomex, pycparser, pyasn1, psutil, protobuf, platformdirs, packaging, opt-einsum, oauthlib, mutagen, msgpack, MarkupSafe, markdown, llvmlite, keras, joblib, idna, hyperframe, httptools, hpack, h5py, h11, grpcio, gast, future, decorator, colorama, charset_normalizer, certifi, cachetools, audioread, async-timeout, annotated-types, aiofiles, absl-py, werkzeug, scikit-learn, rsa, requests, redis, python-dateutil, pydantic-core, pyasn1-modules, numba, mir-eval, mido, lazy-loader, httpcore, h2, gunicorn, google-pasta, ffmpeg-python, exceptiongroup, deprecation, deprecated, click, cffi, astunparse, yt-dlp, uvicorn, soundfile, rq, resampy, requests-oauthlib, realtime, pydantic, pretty-midi, pooch, madmom, limits, google-auth, anyio, watchfiles, starlette, slowapi, pydantic-settings, librosa, httpx, google-auth-oauthlib, tensorboard, fastapi, tensorflow-intel, supafunc, storage3, postgrest, gotrue, tensorflow, supabase, basic-pitch
Successfully installed MarkupSafe-3.0.2 absl-py-2.3.1 aiofiles-23.2.1 annotated-types-0.7.0 anyio-3.7.1 astunparse-1.6.3 async-timeout-5.0.1 audioread-3.0.1 basic-pitch-0.2.5 brotli-1.1.0 cachetools-5.5.2 certifi-2025.8.3 cffi-1.17.1 charset_normalizer-3.4.3 click-8.2.1 colorama-0.4.6 decorator-5.2.1 deprecated-1.2.18 deprecation-2.1.0 exceptiongroup-1.3.0 fastapi-0.104.1 ffmpeg-python-0.2.0 flatbuffers-25.2.10 future-1.0.0 gast-0.4.0 google-auth-2.40.3 google-auth-oauthlib-0.4.6 google-pasta-0.2.0 gotrue-2.12.4 grpcio-1.74.0 gunicorn-21.2.0 h11-0.16.0 h2-4.3.0 h5py-3.14.0 hpack-4.1.0 httpcore-1.0.9 httptools-0.6.4 httpx-0.27.2 hyperframe-6.1.0 idna-3.10 joblib-1.5.1 keras-2.11.0 lazy-loader-0.4 libclang-18.1.1 librosa-0.10.1 limits-5.5.0 llvmlite-0.43.0 madmom-0.16.1 markdown-3.8.2 mido-1.3.0 mir-eval-0.8.2 msgpack-1.1.1 mutagen-1.47.0 numba-0.60.0 oauthlib-3.3.1 opt-einsum-3.4.0 packaging-23.2 platformdirs-4.3.8 pooch-1.8.2 postgrest-0.16.11 pretty-midi-0.2.10 protobuf-3.19.6 psutil-5.9.6 pyasn1-0.6.1 pyasn1-modules-0.4.2 pycparser-2.22 pycryptodomex-3.23.0 pydantic-2.5.0 pydantic-core-2.14.1 pydantic-settings-2.1.0 pyjwt-2.10.1 python-dateutil-2.9.0.post0 python-dotenv-1.0.0 python-multipart-0.0.6 pyyaml-6.0.2 realtime-1.0.6 redis-5.0.7 requests-2.32.5 requests-oauthlib-2.0.0 resampy-0.4.3 rq-1.16.2 rsa-4.9.1 scikit-learn-1.7.1 scipy-1.10.1 six-1.17.0 slowapi-0.1.9 sniffio-1.3.1 soundfile-0.12.1 soxr-0.5.0.post1 starlette-0.27.0 storage3-0.7.7 strenum-0.4.15 supabase-2.6.0 supafunc-0.5.1 tensorboard-2.11.2 tensorboard-data-server-0.6.1 tensorboard-plugin-wit-1.8.1 tensorflow-2.11.1 tensorflow-estimator-2.11.0 tensorflow-intel-2.11.1 tensorflow-io-gcs-filesystem-0.31.0 termcolor-3.1.0 threadpoolctl-3.6.0 typing-extensions-4.15.0 urllib3-2.5.0 uvicorn-0.24.0 watchfiles-1.1.0 websockets-12.0 werkzeug-3.1.3 wrapt-1.17.3 yt-dlp-2024.8.6
